<?xml version="1.0" encoding="UTF-8"?>
<testng-results ignored="0" total="1" passed="1" failed="0" skipped="0">
  <reporter-output>
  </reporter-output>
  <suite started-at="2024-02-20T19:49:17 COT" name="Default suite" finished-at="2024-02-20T19:49:27 COT" duration-ms="9238">
    <groups>
      <group name="cucumber">
        <method signature="AbstractTestNGCucumberTests.runScenario(io.cucumber.testng.PickleWrapper,io.cucumber.testng.FeatureWrapper)[pri:0, instance:runner.googleSearchRunner@28261e8e]" name="runScenario" class="io.cucumber.testng.AbstractTestNGCucumberTests"/>
      </group> <!-- cucumber -->
    </groups>
    <test started-at="2024-02-20T19:49:17 COT" name="Default test" finished-at="2024-02-20T19:49:27 COT" duration-ms="9238">
      <class name="runner.googleSearchRunner">
        <test-method is-config="true" signature="setUpClass(org.testng.ITestContext)[pri:0, instance:runner.googleSearchRunner@28261e8e]" started-at="2024-02-20T19:49:18 COT" name="setUpClass" finished-at="2024-02-20T19:49:19 COT" duration-ms="1017" status="PASS">
          <params>
            <param index="0">
              <value>
                <![CDATA[org.testng.TestRunner@1a2909ae]]>
              </value>
            </param>
          </params>
          <reporter-output>
          </reporter-output>
        </test-method> <!-- setUpClass -->
        <test-method signature="runScenario(io.cucumber.testng.PickleWrapper,io.cucumber.testng.FeatureWrapper)[pri:0, instance:runner.googleSearchRunner@28261e8e]" started-at="2024-02-20T19:49:19 COT" name="runScenario" description="Runs Cucumber Scenarios" data-provider="scenarios" finished-at="2024-02-20T19:49:27 COT" duration-ms="8034" status="PASS">
          <params>
            <param index="0">
              <value>
                <![CDATA["Verify search results"]]>
              </value>
            </param>
            <param index="1">
              <value>
                <![CDATA["Google Search"]]>
              </value>
            </param>
          </params>
          <reporter-output>
          </reporter-output>
        </test-method> <!-- runScenario -->
        <test-method is-config="true" signature="tearDownClass()[pri:0, instance:runner.googleSearchRunner@28261e8e]" started-at="2024-02-20T19:49:27 COT" name="tearDownClass" finished-at="2024-02-20T19:49:27 COT" duration-ms="109" status="PASS">
          <reporter-output>
          </reporter-output>
        </test-method> <!-- tearDownClass -->
      </class> <!-- runner.googleSearchRunner -->
    </test> <!-- Default test -->
  </suite> <!-- Default suite -->
</testng-results>
